<?xml version="1.0" encoding="UTF-8" ?>
<testsuite tests="10" failures="0" name="com.mycompany.projectjava.DAO.UserDAOTest" time="0.681" errors="0" skipped="0">
  <properties>
[...]
</properties>
  <testcase classname="com.mycompany.projectjava.DAO.UserDAOTest" name="testGetID" time="0.003"/>
  <testcase classname="com.mycompany.projectjava.DAO.UserDAOTest" name="testChangeInfo" time="0"/>
  <testcase classname="com.mycompany.projectjava.DAO.UserDAOTest" name="testAddUser" time="0"/>
  <testcase classname="com.mycompany.projectjava.DAO.UserDAOTest" name="testGetAll" time="0"/>
  <testcase classname="com.mycompany.projectjava.DAO.UserDAOTest" name="testChangePass" time="0"/>
  <testcase classname="com.mycompany.projectjava.DAO.UserDAOTest" name="testLogin" time="0.678"/>
  <testcase classname="com.mycompany.projectjava.DAO.UserDAOTest" name="testGetUser" time="0"/>
  <testcase classname="com.mycompany.projectjava.DAO.UserDAOTest" name="testGetPass" time="0"/>
  <testcase classname="com.mycompany.projectjava.DAO.UserDAOTest" name="testCheckUsername" time="0"/>
  <testcase classname="com.mycompany.projectjava.DAO.UserDAOTest" name="testChangeInfoADMIN" time="0"/>
</testsuite>